# JRE version: OpenJDK Runtime Environment Temurin-17.0.3+7 (17.0.3+7) (build 17.0.3+7)
# Java VM: OpenJDK 64-Bit Server VM Temurin-17.0.3+7 (17.0.3+7, mixed mode, emulated-client, tiered, compressed oops, compressed class ptrs, g1 gc, windows-amd64)
GC Precious Log:
 CPUs: 8 total, 8 available
 Memory: 7959M
 Large Page Support: Disabled
 NUMA Support: Disabled
 Compressed Oops: Enabled (32-bit)
 Heap Region Size: 1M
 Heap Min Capacity: 8M
 Heap Initial Capacity: 126M
 Heap Max Capacity: 1990M
 Pre-touch: Disabled
 Parallel Workers: 8
 Concurrent Workers: 2
 Concurrent Refinement Workers: 8
 Periodic GC: Disabled
Heap:
 garbage-first heap   total 46080K, used 32855K [0x0000000083a00000, 0x0000000100000000)
  region size 1024K, 15 young (15360K), 3 survivors (3072K)
 Metaspace       used 51162K, committed 51584K, reserved 1097728K
  class space    used 6858K, committed 7104K, reserved 1048576K
GC Heap History (20 events):
Event: 3.219 GC heap before
{Heap before GC invocations=5 (full 0):
 garbage-first heap   total 37888K, used 26285K [0x0000000083a00000, 0x0000000100000000)
  region size 1024K, 19 young (19456K), 3 survivors (3072K)
 Metaspace       used 27884K, committed 28160K, reserved 1081344K
  class space    used 3374K, committed 3520K, reserved 1048576K
}
Event: 3.223 GC heap after
{Heap after GC invocations=6 (full 0):
 garbage-first heap   total 37888K, used 11806K [0x0000000083a00000, 0x0000000100000000)
  region size 1024K, 3 young (3072K), 3 survivors (3072K)
 Metaspace       used 27884K, committed 28160K, reserved 1081344K
  class space    used 3374K, committed 3520K, reserved 1048576K
}
Event: 3.406 GC heap before
{Heap before GC invocations=6 (full 0):
 garbage-first heap   total 37888K, used 27166K [0x0000000083a00000, 0x0000000100000000)
  region size 1024K, 18 young (18432K), 3 survivors (3072K)
 Metaspace       used 29907K, committed 30208K, reserved 1081344K
  class space    used 3690K, committed 3840K, reserved 1048576K
}
Event: 3.409 GC heap after
{Heap after GC invocations=7 (full 0):
 garbage-first heap   total 37888K, used 12823K [0x0000000083a00000, 0x0000000100000000)
  region size 1024K, 2 young (2048K), 2 survivors (2048K)
 Metaspace       used 29907K, committed 30208K, reserved 1081344K
  class space    used 3690K, committed 3840K, reserved 1048576K
}
Event: 4.047 GC heap before
{Heap before GC invocations=7 (full 0):
 garbage-first heap   total 37888K, used 29207K [0x0000000083a00000, 0x0000000100000000)
  region size 1024K, 18 young (18432K), 2 survivors (2048K)
 Metaspace       used 31219K, committed 31552K, reserved 1081344K
  class space    used 3889K, committed 4032K, reserved 1048576K
}
Event: 4.049 GC heap after
{Heap after GC invocations=8 (full 0):
 garbage-first heap   total 37888K, used 13743K [0x0000000083a00000, 0x0000000100000000)
  region size 1024K, 2 young (2048K), 2 survivors (2048K)
 Metaspace       used 31219K, committed 31552K, reserved 1081344K
  class space    used 3889K, committed 4032K, reserved 1048576K
}
Event: 4.401 GC heap before
{Heap before GC invocations=8 (full 0):
 garbage-first heap   total 37888K, used 29103K [0x0000000083a00000, 0x0000000100000000)
  region size 1024K, 17 young (17408K), 2 survivors (2048K)
 Metaspace       used 32959K, committed 33280K, reserved 1081344K
  class space    used 4158K, committed 4352K, reserved 1048576K
}
Event: 4.405 GC heap after
{Heap after GC invocations=9 (full 0):
 garbage-first heap   total 37888K, used 14741K [0x0000000083a00000, 0x0000000100000000)
  region size 1024K, 3 young (3072K), 3 survivors (3072K)
 Metaspace       used 32959K, committed 33280K, reserved 1081344K
  class space    used 4158K, committed 4352K, reserved 1048576K
}
Event: 4.714 GC heap before
{Heap before GC invocations=9 (full 0):
 garbage-first heap   total 37888K, used 28053K [0x0000000083a00000, 0x0000000100000000)
  region size 1024K, 16 young (16384K), 3 survivors (3072K)
 Metaspace       used 34986K, committed 35392K, reserved 1081344K
  class space    used 4471K, committed 4672K, reserved 1048576K
}
Event: 4.718 GC heap after
{Heap after GC invocations=10 (full 0):
 garbage-first heap   total 37888K, used 15830K [0x0000000083a00000, 0x0000000100000000)
  region size 1024K, 2 young (2048K), 2 survivors (2048K)
 Metaspace       used 34986K, committed 35392K, reserved 1081344K
  class space    used 4471K, committed 4672K, reserved 1048576K
}
Event: 4.871 GC heap before
{Heap before GC invocations=10 (full 0):
 garbage-first heap   total 37888K, used 19926K [0x0000000083a00000, 0x0000000100000000)
  region size 1024K, 7 young (7168K), 2 survivors (2048K)
 Metaspace       used 35724K, committed 36096K, reserved 1081344K
  class space    used 4586K, committed 4800K, reserved 1048576K
}
Event: 4.875 GC heap after
{Heap after GC invocations=11 (full 0):
 garbage-first heap   total 46080K, used 16658K [0x0000000083a00000, 0x0000000100000000)
  region size 1024K, 1 young (1024K), 1 survivors (1024K)
 Metaspace       used 35724K, committed 36096K, reserved 1081344K
  class space    used 4586K, committed 4800K, reserved 1048576K
}
Event: 5.299 GC heap before
{Heap before GC invocations=12 (full 0):
 garbage-first heap   total 46080K, used 35090K [0x0000000083a00000, 0x0000000100000000)
  region size 1024K, 19 young (19456K), 1 survivors (1024K)
 Metaspace       used 38225K, committed 38656K, reserved 1089536K
  class space    used 4953K, committed 5184K, reserved 1048576K
}
Event: 5.302 GC heap after
{Heap after GC invocations=13 (full 0):
 garbage-first heap   total 46080K, used 18217K [0x0000000083a00000, 0x0000000100000000)
  region size 1024K, 3 young (3072K), 3 survivors (3072K)
 Metaspace       used 38225K, committed 38656K, reserved 1089536K
  class space    used 4953K, committed 5184K, reserved 1048576K
}
Event: 5.926 GC heap before
{Heap before GC invocations=13 (full 0):
 garbage-first heap   total 46080K, used 33577K [0x0000000083a00000, 0x0000000100000000)
  region size 1024K, 19 young (19456K), 3 survivors (3072K)
 Metaspace       used 39469K, committed 39936K, reserved 1089536K
  class space    used 5135K, committed 5376K, reserved 1048576K
}
Event: 5.933 GC heap after
{Heap after GC invocations=14 (full 0):
 garbage-first heap   total 46080K, used 19189K [0x0000000083a00000, 0x0000000100000000)
  region size 1024K, 1 young (1024K), 1 survivors (1024K)
 Metaspace       used 39469K, committed 39936K, reserved 1089536K
  class space    used 5135K, committed 5376K, reserved 1048576K
}
Event: 6.531 GC heap before
{Heap before GC invocations=14 (full 0):
 garbage-first heap   total 46080K, used 35573K [0x0000000083a00000, 0x0000000100000000)
  region size 1024K, 17 young (17408K), 1 survivors (1024K)
 Metaspace       used 43748K, committed 44160K, reserved 1089536K
  class space    used 5845K, committed 6080K, reserved 1048576K
}
Event: 6.534 GC heap after
{Heap after GC invocations=15 (full 0):
 garbage-first heap   total 46080K, used 19908K [0x0000000083a00000, 0x0000000100000000)
  region size 1024K, 2 young (2048K), 2 survivors (2048K)
 Metaspace       used 43748K, committed 44160K, reserved 1089536K
  class space    used 5845K, committed 6080K, reserved 1048576K
}
Event: 7.150 GC heap before
{Heap before GC invocations=15 (full 0):
 garbage-first heap   total 46080K, used 35268K [0x0000000083a00000, 0x0000000100000000)
  region size 1024K, 18 young (18432K), 2 survivors (2048K)
 Metaspace       used 48451K, committed 48832K, reserved 1097728K
  class space    used 6495K, committed 6656K, reserved 1048576K
}
Event: 7.154 GC heap after
{Heap after GC invocations=16 (full 0):
 garbage-first heap   total 46080K, used 21591K [0x0000000083a00000, 0x0000000100000000)
  region size 1024K, 3 young (3072K), 3 survivors (3072K)
 Metaspace       used 48451K, committed 48832K, reserved 1097728K
  class space    used 6495K, committed 6656K, reserved 1048576K
}

